Determining if the pthread_create exist failed with the following output:
Change Dir: /home/manel/ur5arm_ws/build/CMakeFiles/CMakeTmp

Run Build Command:"/usr/bin/make" "cmTC_786cb/fast"
/usr/bin/make -f CMakeFiles/cmTC_786cb.dir/build.make CMakeFiles/cmTC_786cb.dir/build
make[1]: Entering directory '/home/manel/ur5arm_ws/build/CMakeFiles/CMakeTmp'
Building C object CMakeFiles/cmTC_786cb.dir/CheckSymbolExists.c.o
/usr/bin/cc    -o CMakeFiles/cmTC_786cb.dir/CheckSymbolExists.c.o   -c /home/manel/ur5arm_ws/build/CMakeFiles/CMakeTmp/CheckSymbolExists.c
Linking C executable cmTC_786cb
/usr/bin/cmake -E cmake_link_script CMakeFiles/cmTC_786cb.dir/link.txt --verbose=1
/usr/bin/cc      -rdynamic CMakeFiles/cmTC_786cb.dir/CheckSymbolExists.c.o  -o cmTC_786cb 
CMakeFiles/cmTC_786cb.dir/CheckSymbolExists.c.o: In function `main':
CheckSymbolExists.c:(.text+0x1b): undefined reference to `pthread_create'
collect2: error: ld returned 1 exit status
CMakeFiles/cmTC_786cb.dir/build.make:97: recipe for target 'cmTC_786cb' failed
make[1]: *** [cmTC_786cb] Error 1
make[1]: Leaving directory '/home/manel/ur5arm_ws/build/CMakeFiles/CMakeTmp'
Makefile:126: recipe for target 'cmTC_786cb/fast' failed
make: *** [cmTC_786cb/fast] Error 2

File /home/manel/ur5arm_ws/build/CMakeFiles/CMakeTmp/CheckSymbolExists.c:
/* */
#include <pthread.h>

int main(int argc, char** argv)
{
  (void)argv;
#ifndef pthread_create
  return ((int*)(&pthread_create))[argc];
#else
  (void)argc;
  return 0;
#endif
}

Determining if the function pthread_create exists in the pthreads failed with the following output:
Change Dir: /home/manel/ur5arm_ws/build/CMakeFiles/CMakeTmp

Run Build Command:"/usr/bin/make" "cmTC_b889c/fast"
/usr/bin/make -f CMakeFiles/cmTC_b889c.dir/build.make CMakeFiles/cmTC_b889c.dir/build
make[1]: Entering directory '/home/manel/ur5arm_ws/build/CMakeFiles/CMakeTmp'
Building C object CMakeFiles/cmTC_b889c.dir/CheckFunctionExists.c.o
/usr/bin/cc   -DCHECK_FUNCTION_EXISTS=pthread_create   -o CMakeFiles/cmTC_b889c.dir/CheckFunctionExists.c.o   -c /usr/share/cmake-3.10/Modules/CheckFunctionExists.c
Linking C executable cmTC_b889c
/usr/bin/cmake -E cmake_link_script CMakeFiles/cmTC_b889c.dir/link.txt --verbose=1
/usr/bin/cc  -DCHECK_FUNCTION_EXISTS=pthread_create    -rdynamic CMakeFiles/cmTC_b889c.dir/CheckFunctionExists.c.o  -o cmTC_b889c -lpthreads 
/usr/bin/ld: cannot find -lpthreads
collect2: error: ld returned 1 exit status
CMakeFiles/cmTC_b889c.dir/build.make:97: recipe for target 'cmTC_b889c' failed
make[1]: *** [cmTC_b889c] Error 1
make[1]: Leaving directory '/home/manel/ur5arm_ws/build/CMakeFiles/CMakeTmp'
Makefile:126: recipe for target 'cmTC_b889c/fast' failed
make: *** [cmTC_b889c/fast] Error 2


